  Compiling CUDA source file kernel.cu...
  
  C:\Users\Alex\OneDrive - Universidad de Alcala\UNI\CURSO 2022-23\CUATRIMESTRE 2\PARADIGMAS AVANZADOS DE PROGRAMACION\LABORATORIO\PL1\CUDACandyCrush\CandyCrush>"C:\Program Files\NVIDIA GPU Computing Toolkit\CUDA\v10.2\bin\nvcc.exe" -gencode=arch=compute_30,code=\"sm_30,compute_30\" --use-local-env -ccbin "C:\Program Files (x86)\Microsoft Visual Studio\2019\Community\VC\Tools\MSVC\14.29.30133\bin\HostX86\x64" -x cu  -I"C:\Program Files\NVIDIA GPU Computing Toolkit\CUDA\v10.2\include" -I"C:\Program Files\NVIDIA GPU Computing Toolkit\CUDA\v10.2\include"  -G   --keep-dir x64\Debug -maxrregcount=0  --machine 64 --compile -cudart static  -g   -DWIN32 -DWIN64 -D_DEBUG -D_CONSOLE -D_MBCS -Xcompiler "/EHsc /W3 /nologo /Od /Fdx64\Debug\vc142.pdb /FS /Zi /RTC1 /MDd " -o x64\Debug\kernel.cu.obj "C:\Users\Alex\OneDrive - Universidad de Alcala\UNI\CURSO 2022-23\CUATRIMESTRE 2\PARADIGMAS AVANZADOS DE PROGRAMACION\LABORATORIO\PL1\CUDACandyCrush\CandyCrush\kernel.cu" 
C:/Users/Alex/OneDrive - Universidad de Alcala/UNI/CURSO 2022-23/CUATRIMESTRE 2/PARADIGMAS AVANZADOS DE PROGRAMACION/LABORATORIO/PL1/CUDACandyCrush/CandyCrush/kernel.cu(204): warning : multicharacter character literal (potential portability problem)
  
C:/Users/Alex/OneDrive - Universidad de Alcala/UNI/CURSO 2022-23/CUATRIMESTRE 2/PARADIGMAS AVANZADOS DE PROGRAMACION/LABORATORIO/PL1/CUDACandyCrush/CandyCrush/kernel.cu(209): warning : multicharacter character literal (potential portability problem)
  
C:/Users/Alex/OneDrive - Universidad de Alcala/UNI/CURSO 2022-23/CUATRIMESTRE 2/PARADIGMAS AVANZADOS DE PROGRAMACION/LABORATORIO/PL1/CUDACandyCrush/CandyCrush/kernel.cu(214): warning : multicharacter character literal (potential portability problem)
  
C:/Users/Alex/OneDrive - Universidad de Alcala/UNI/CURSO 2022-23/CUATRIMESTRE 2/PARADIGMAS AVANZADOS DE PROGRAMACION/LABORATORIO/PL1/CUDACandyCrush/CandyCrush/kernel.cu(219): warning : multicharacter character literal (potential portability problem)
  
C:/Users/Alex/OneDrive - Universidad de Alcala/UNI/CURSO 2022-23/CUATRIMESTRE 2/PARADIGMAS AVANZADOS DE PROGRAMACION/LABORATORIO/PL1/CUDACandyCrush/CandyCrush/kernel.cu(224): warning : multicharacter character literal (potential portability problem)
  
C:/Users/Alex/OneDrive - Universidad de Alcala/UNI/CURSO 2022-23/CUATRIMESTRE 2/PARADIGMAS AVANZADOS DE PROGRAMACION/LABORATORIO/PL1/CUDACandyCrush/CandyCrush/kernel.cu(229): warning : multicharacter character literal (potential portability problem)
  
C:/Users/Alex/OneDrive - Universidad de Alcala/UNI/CURSO 2022-23/CUATRIMESTRE 2/PARADIGMAS AVANZADOS DE PROGRAMACION/LABORATORIO/PL1/CUDACandyCrush/CandyCrush/kernel.cu(310): warning : variable "posicion" was declared but never referenced
  
CUDACOMPILE : ptxas warning : Stack size for entry function '_Z17encontrar_caminosPciiii' cannot be statically determined
C:/Users/Alex/OneDrive - Universidad de Alcala/UNI/CURSO 2022-23/CUATRIMESTRE 2/PARADIGMAS AVANZADOS DE PROGRAMACION/LABORATORIO/PL1/CUDACandyCrush/CandyCrush/kernel.cu(204): warning : multicharacter character literal (potential portability problem)
  
C:/Users/Alex/OneDrive - Universidad de Alcala/UNI/CURSO 2022-23/CUATRIMESTRE 2/PARADIGMAS AVANZADOS DE PROGRAMACION/LABORATORIO/PL1/CUDACandyCrush/CandyCrush/kernel.cu(209): warning : multicharacter character literal (potential portability problem)
  
C:/Users/Alex/OneDrive - Universidad de Alcala/UNI/CURSO 2022-23/CUATRIMESTRE 2/PARADIGMAS AVANZADOS DE PROGRAMACION/LABORATORIO/PL1/CUDACandyCrush/CandyCrush/kernel.cu(214): warning : multicharacter character literal (potential portability problem)
  
C:/Users/Alex/OneDrive - Universidad de Alcala/UNI/CURSO 2022-23/CUATRIMESTRE 2/PARADIGMAS AVANZADOS DE PROGRAMACION/LABORATORIO/PL1/CUDACandyCrush/CandyCrush/kernel.cu(219): warning : multicharacter character literal (potential portability problem)
  
C:/Users/Alex/OneDrive - Universidad de Alcala/UNI/CURSO 2022-23/CUATRIMESTRE 2/PARADIGMAS AVANZADOS DE PROGRAMACION/LABORATORIO/PL1/CUDACandyCrush/CandyCrush/kernel.cu(224): warning : multicharacter character literal (potential portability problem)
  
C:/Users/Alex/OneDrive - Universidad de Alcala/UNI/CURSO 2022-23/CUATRIMESTRE 2/PARADIGMAS AVANZADOS DE PROGRAMACION/LABORATORIO/PL1/CUDACandyCrush/CandyCrush/kernel.cu(229): warning : multicharacter character literal (potential portability problem)
  
  kernel.cu
  device_functions.h is an internal header file and must not be used directly.  This file will be removed in a future CUDA release.  Please use cuda_runtime_api.h or cuda_runtime.h instead.
C:/Users/Alex/OneDrive - Universidad de Alcala/UNI/CURSO 2022-23/CUATRIMESTRE 2/PARADIGMAS AVANZADOS DE PROGRAMACION/LABORATORIO/PL1/CUDACandyCrush/CandyCrush/kernel.cu(305): warning C4244: 'argumento': conversión de 'time_t' a 'unsigned int'; posible pérdida de datos
  CandyCrush.vcxproj -> C:\Users\Alex\OneDrive - Universidad de Alcala\UNI\CURSO 2022-23\CUATRIMESTRE 2\PARADIGMAS AVANZADOS DE PROGRAMACION\LABORATORIO\PL1\CUDACandyCrush\CandyCrush\x64\Debug\CandyCrush.exe
